This is XeTeX, Version 3.1415926-2.3-0.9997.5 (MiKTeX 2.9) (preloaded format=xelatex 2018.5.12)  5 DEC 2018 12:57
entering extended mode
**modified_by_Later.tex
(D:\Dairly\Code\Git\Resume_ModifiedByLater\modified_by_Later.tex
LaTeX2e <2011/06/27>
Babel <v3.8m> and hyphenation patterns for loaded.
(D:\Dairly\Code\Git\Resume_ModifiedByLater\resume.cls
Document Class: resume 2015/05/25 An elegant Résumé class
(C:\CTEX\MiKTeX\tex\latex\base\article.cls
Document Class: article 2007/10/19 v1.4h Standard LaTeX document class
(C:\CTEX\MiKTeX\tex\latex\base\size11.clo
File: size11.clo 2007/10/19 v1.4h Standard LaTeX file (size option)
Requested font "cmr10" at 10.95pt
 -> cmr10
)
\c@part=\count80
\c@section=\count81
\c@subsection=\count82
\c@subsubsection=\count83
\c@paragraph=\count84
\c@subparagraph=\count85
\c@figure=\count86
\c@table=\count87
\abovecaptionskip=\skip41
\belowcaptionskip=\skip42
\bibindent=\dimen102
)
(C:\CTEX\MiKTeX\tex\latex\xltxtra\xltxtra.sty
Package: xltxtra 2010/09/20 v0.5e Improvements for the "XeLaTeX" format

(C:\CTEX\MiKTeX\tex\generic\oberdiek\ifluatex.sty
Package: ifluatex 2010/03/01 v1.3 Provides the ifluatex switch (HO)
Package ifluatex Info: LuaTeX not detected.
)
(C:\CTEX\MiKTeX\tex\generic\ifxetex\ifxetex.sty
Package: ifxetex 2010/09/12 v0.6 Provides ifxetex conditional
)
(C:\CTEX\MiKTeX\tex\latex\fontspec\fontspec.sty
Package: fontspec 2011/09/18 v2.2a Advanced font selection for XeLaTeX/LuaLaTeX


(C:\CTEX\MiKTeX\tex\latex\l3kernel\expl3.sty
(C:\CTEX\MiKTeX\tex\latex\l3kernel\l3names.sty
(C:\CTEX\MiKTeX\tex\latex\l3kernel\l3bootstrap.sty
Package: l3bootstrap 2011/12/29 v3110 L3 Experimental bootstrap code
)
Package: l3names 2011/12/30 v3113 L3 Experimental namespace for primitives
)
(C:\CTEX\MiKTeX\tex\latex\misc\etex.sty
Package: etex 1998/03/26 v2.0 eTeX basic definition package (PEB)
\et@xins=\count88
)
Package: expl3 2012/02/26 v3471 L3 Experimental code bundle wrapper

(C:\CTEX\MiKTeX\tex\latex\graphics\color.sty
Package: color 2005/11/14 v1.0j Standard LaTeX Color (DPC)

(C:\CTEX\MiKTeX\tex\latex\00miktex\color.cfg
File: color.cfg 2007/01/18 v1.5 color configuration of teTeX/TeXLive
)
Package color Info: Driver file: xetex.def on input line 130.

(C:\CTEX\MiKTeX\tex\xelatex\xetex-def\xetex.def
File: xetex.def 2009/11/22 v0.94 LaTeX color/graphics driver for XeTeX (RRM/JK)

))
(C:\CTEX\MiKTeX\tex\latex\graphics\graphics.sty
Package: graphics 2009/02/05 v1.0o Standard LaTeX Graphics (DPC,SPQR)

(C:\CTEX\MiKTeX\tex\latex\graphics\trig.sty
Package: trig 1999/03/16 v1.09 sin cos tan (DPC)
)
(C:\CTEX\MiKTeX\tex\latex\00miktex\graphics.cfg
File: graphics.cfg 2007/01/18 v1.5 graphics configuration of teTeX/TeXLive
)
Package graphics Info: Driver file: xetex.def on input line 91.
)
(C:\CTEX\MiKTeX\tex\latex\l3kernel\l3basics.sty
Package: l3basics 2012/02/26 v3460 L3 Experimental basic definitions
)
(C:\CTEX\MiKTeX\tex\latex\l3kernel\l3expan.sty
Package: l3expan 2012/02/26 v3460 L3 Experimental argument expansion
)
(C:\CTEX\MiKTeX\tex\latex\l3kernel\l3tl.sty
Package: l3tl 2012/02/26 v3460 L3 Experimental token lists
)
(C:\CTEX\MiKTeX\tex\latex\l3kernel\l3seq.sty
Package: l3seq 2012/01/09 v3158 L3 Experimental sequences and stacks
)
(C:\CTEX\MiKTeX\tex\latex\l3kernel\l3int.sty
Package: l3int 2012/02/26 v3460 L3 Experimental integers
\c_max_int=\count89
\l_tmpa_int=\count90
\l_tmpb_int=\count91
\l_tmpc_int=\count92
\g_tmpa_int=\count93
\g_tmpb_int=\count94
)
(C:\CTEX\MiKTeX\tex\latex\l3kernel\l3quark.sty
Package: l3quark 2012/02/12 v3384 L3 Experimental quarks
)
(C:\CTEX\MiKTeX\tex\latex\l3kernel\l3prg.sty
Package: l3prg 2012/02/26 v3464 L3 Experimental control structures
\g_prg_map_int=\count95
)
(C:\CTEX\MiKTeX\tex\latex\l3kernel\l3clist.sty
Package: l3clist 2012/02/26 v3460 L3 Experimental comma separated lists
)
(C:\CTEX\MiKTeX\tex\latex\l3kernel\l3token.sty
Package: l3token 2012/02/26 v3460 L3 Experimental token manipulation
)
(C:\CTEX\MiKTeX\tex\latex\l3kernel\l3prop.sty
Package: l3prop 2012/02/26 v3460 L3 Experimental property lists
)
(C:\CTEX\MiKTeX\tex\latex\l3kernel\l3msg.sty
Package: l3msg 2012/02/26 v3470 L3 Experimental messages
)
(C:\CTEX\MiKTeX\tex\latex\l3kernel\l3file.sty
Package: l3file 2012/02/26 v3464 L3 Experimental file and I/O operations
\l_iow_stream_int=\count96
\l_iow_line_length_int=\count97
\l_iow_target_length_int=\count98
\l_iow_current_line_int=\count99
\l_iow_current_word_int=\count100
\l_iow_current_indentation_int=\count101
)
(C:\CTEX\MiKTeX\tex\latex\l3kernel\l3skip.sty
Package: l3skip 2012/02/26 v3460 L3 Experimental dimensions and skips
\l_tmpa_dim=\dimen103
\l_tmpb_dim=\dimen104
\l_tmpc_dim=\dimen105
\g_tmpa_dim=\dimen106
\g_tmpb_dim=\dimen107
\l_tmpa_skip=\skip43
\l_tmpb_skip=\skip44
\l_tmpc_skip=\skip45
\g_tmpa_skip=\skip46
\g_tmpb_skip=\skip47
)
(C:\CTEX\MiKTeX\tex\latex\l3kernel\l3keys.sty
Package: l3keys 2011/12/22 v3086 L3 Experimental key-value interfaces
\g_keyval_level_int=\count102
\l_keys_choice_int=\count103
)
(C:\CTEX\MiKTeX\tex\latex\l3kernel\l3fp.sty
Package: l3fp 2012/02/06 v3315 L3 Experimental floating-point operations
\c_one_hundred_million=\count104
\c_five_hundred_million=\count105
\c_one_thousand_million=\count106
\c_fp_pi_by_four_decimal_int=\count107
\c_fp_pi_by_four_extended_int=\count108
\c_fp_pi_decimal_int=\count109
\c_fp_pi_extended_int=\count110
\c_fp_two_pi_decimal_int=\count111
\c_fp_two_pi_extended_int=\count112
\l_fp_count_int=\count113
\l_fp_div_offset_int=\count114
\l_fp_exp_integer_int=\count115
\l_fp_exp_decimal_int=\count116
\l_fp_exp_extended_int=\count117
\l_fp_exp_exponent_int=\count118
\l_fp_input_a_sign_int=\count119
\l_fp_input_a_integer_int=\count120
\l_fp_input_a_decimal_int=\count121
\l_fp_input_a_exponent_int=\count122
\l_fp_input_b_sign_int=\count123
\l_fp_input_b_integer_int=\count124
\l_fp_input_b_decimal_int=\count125
\l_fp_input_b_exponent_int=\count126
\l_fp_input_a_extended_int=\count127
\l_fp_input_b_extended_int=\count128
\l_fp_mul_a_i_int=\count129
\l_fp_mul_a_ii_int=\count130
\l_fp_mul_a_iii_int=\count131
\l_fp_mul_a_iv_int=\count132
\l_fp_mul_a_v_int=\count133
\l_fp_mul_a_vi_int=\count134
\l_fp_mul_b_i_int=\count135
\l_fp_mul_b_ii_int=\count136
\l_fp_mul_b_iii_int=\count137
\l_fp_mul_b_iv_int=\count138
\l_fp_mul_b_v_int=\count139
\l_fp_mul_b_vi_int=\count140
\l_fp_mul_output_int=\count141
\l_fp_output_sign_int=\count142
\l_fp_output_integer_int=\count143
\l_fp_output_decimal_int=\count144
\l_fp_output_exponent_int=\count145
\l_fp_output_extended_int=\count146
\l_fp_round_position_int=\count147
\l_fp_round_target_int=\count148
\l_fp_split_sign_int=\count149
\l_fp_internal_int=\count150
\l_fp_trig_octant_int=\count151
\l_fp_trig_sign_int=\count152
\l_fp_trig_decimal_int=\count153
\l_fp_trig_extended_int=\count154
\l_fp_internal_dim=\dimen108
\l_fp_internal_skip=\skip48
)
(C:\CTEX\MiKTeX\tex\latex\l3kernel\l3box.sty
Package: l3box 2012/02/18 v3432 L3 Experimental boxes
\l_tmpb_box=\box26
\l_box_top_dim=\dimen109
\l_box_bottom_dim=\dimen110
\l_box_left_dim=\dimen111
\l_box_right_dim=\dimen112
\l_box_top_new_dim=\dimen113
\l_box_bottom_new_dim=\dimen114
\l_box_left_new_dim=\dimen115
\l_box_right_new_dim=\dimen116
\l_box_internal_box=\box27
)
(C:\CTEX\MiKTeX\tex\latex\l3kernel\l3coffins.sty
Package: l3coffins 2012/02/26 v3460 L3 Experimental coffin code layer
\l_coffin_internal_box=\box28
\l_coffin_internal_dim=\dimen117
\l_coffin_offset_x_dim=\dimen118
\l_coffin_offset_y_dim=\dimen119
\l_coffin_x_dim=\dimen120
\l_coffin_y_dim=\dimen121
\l_coffin_x_prime_dim=\dimen122
\l_coffin_y_prime_dim=\dimen123
\l_coffin_Depth_dim=\dimen124
\l_coffin_Height_dim=\dimen125
\l_coffin_TotalHeight_dim=\dimen126
\l_coffin_Width_dim=\dimen127
\c_empty_coffin=\box29
\l_coffin_aligned_coffin=\box30
\l_coffin_aligned_internal_coffin=\box31
\l_coffin_bounding_shift_dim=\dimen128
\l_coffin_left_corner_dim=\dimen129
\l_coffin_right_corner_dim=\dimen130
\l_coffin_bottom_corner_dim=\dimen131
\l_coffin_top_corner_dim=\dimen132
\l_coffin_scaled_total_height_dim=\dimen133
\l_coffin_scaled_width_dim=\dimen134
\l_coffin_display_coffin=\box32
\l_coffin_display_coord_coffin=\box33
\l_coffin_display_pole_coffin=\box34
\l_coffin_display_offset_dim=\dimen135
\l_coffin_display_x_dim=\dimen136
\l_coffin_display_y_dim=\dimen137
)
(C:\CTEX\MiKTeX\tex\latex\l3kernel\l3color.sty
Package: l3color 2011/09/07 v2776 L3 Experimental colour support
)
(C:\CTEX\MiKTeX\tex\latex\l3kernel\l3luatex.sty
Package: l3luatex 2012/02/09 v3355 L3 Experimental LuaTeX-specific functions
\g_cctab_allocate_int=\count155
\g_cctab_stack_int=\count156
))
(C:\CTEX\MiKTeX\tex\latex\l3packages\xparse\xparse.sty
Package: xparse 2012/02/26 v3471 L3 Experimental document command parser
\l_xparse_current_arg_int=\count157
\l_xparse_m_args_int=\count158
\l_xparse_mandatory_args_int=\count159
\l_xparse_processor_int=\count160
\l_xparse_v_nesting_int=\count161
)
\l_fontspec_script_int=\count162
\l_fontspec_language_int=\count163
\l_fontspec_strnum_int=\count164
\l_fontspec_tmpa_dim=\dimen138
\l_fontspec_tmpb_dim=\dimen139
\l_fontspec_tmpc_dim=\dimen140
Variant \tl_gset:cV already defined; not changing it on line 66

(C:\CTEX\MiKTeX\tex\latex\fontspec\fontspec-patches.sty
Package: fontspec-patches 2011/09/18 v2.2a Advanced font selection for XeLaTeX/
LuaLaTeX

(C:\CTEX\MiKTeX\tex\latex\base\fixltx2e.sty
Package: fixltx2e 2006/09/13 v1.1m fixes to LaTeX
LaTeX Info: Redefining \em on input line 420.
)
LaTeX Info: Redefining \em on input line 22.
LaTeX Info: Redefining \emph on input line 29.
LaTeX Info: Redefining \- on input line 32.

*************************************************
* LaTeX warning: "xparse/redefine-command"
* 
* Redefining document command \oldstylenums with arg. spec. 'm' on line 107.
*************************************************
.................................................
. LaTeX info: "xparse/define-command"
. 
. Defining document command \liningnums with arg. spec. 'm' on line 111.
.................................................
) (C:\CTEX\MiKTeX\tex\latex\fontspec\fontspec-xetex.sty
Package: fontspec-xetex 2011/09/18 v2.2a Advanced font selection for XeLaTeX/Lu
aLaTeX

(C:\CTEX\MiKTeX\tex\latex\base\fontenc.sty
Package: fontenc 2005/09/27 v1.99g Standard LaTeX package

(C:\CTEX\MiKTeX\tex\latex\euenc\eu1enc.def
File: eu1enc.def 2010/05/27 v0.1h Experimental Unicode font encodings
)
LaTeX Font Info:    Try loading font information for EU1+lmr on input line 100.


(C:\CTEX\MiKTeX\tex\latex\euenc\eu1lmr.fd
File: eu1lmr.fd 2009/10/30 v1.6 Font defs for Latin Modern
)
Requested font "[lmroman10-regular]:mapping=tex-text" at 10.0pt
 -> C:/CTEX/MiKTeX/fonts/opentype/public/lm/lmroman10-regular.otf
)
(C:\CTEX\MiKTeX\tex\xelatex\xunicode\xunicode.sty
File: xunicode.sty 2011/09/09 v0.981 provides access to latin accents and many 
other characters in Unicode lower plane

(C:\CTEX\MiKTeX\tex\latex\tipa\t3enc.def
File: t3enc.def 2001/12/31 T3 encoding
Requested font "[lmromanslant10-regular]:mapping=tex-text" at 10.0pt
 -> C:/CTEX/MiKTeX/fonts/opentype/public/lm/lmromanslant10-regular.otf
Requested font "[lmroman10-italic]:mapping=tex-text" at 10.0pt
 -> C:/CTEX/MiKTeX/fonts/opentype/public/lm/lmroman10-italic.otf
Requested font "[lmroman10-bold]:mapping=tex-text" at 10.0pt
 -> C:/CTEX/MiKTeX/fonts/opentype/public/lm/lmroman10-bold.otf
LaTeX Font Info:    Try loading font information for EU1+lmss on input line 357
.

(C:\CTEX\MiKTeX\tex\latex\euenc\eu1lmss.fd
File: eu1lmss.fd 2009/10/30 v1.6 Font defs for Latin Modern
)
Requested font "[lmsans10-regular]:mapping=tex-text" at 10.0pt
 -> C:/CTEX/MiKTeX/fonts/opentype/public/lm/lmsans10-regular.otf
)
\tipaTiiicode=\count165
\tipasavetokens=\toks14
\tipachecktokens=\toks15

(C:\CTEX\MiKTeX\tex\latex\graphics\graphicx.sty
Package: graphicx 1999/02/16 v1.0f Enhanced LaTeX Graphics (DPC,SPQR)

(C:\CTEX\MiKTeX\tex\latex\graphics\keyval.sty
Package: keyval 1999/03/16 v1.13 key=value parser (DPC)
\KV@toks@=\toks16
)
\Gin@req@height=\dimen141
\Gin@req@width=\dimen142
))
.................................................
. LaTeX info: "xparse/define-command"
. 
. Defining document command \fontspec with arg. spec. 'O{}m' on line 39.
.................................................
.................................................
. LaTeX info: "xparse/define-command"
. 
. Defining document command \setmainfont with arg. spec. 'O{}m' on line 43.
.................................................
.................................................
. LaTeX info: "xparse/define-command"
. 
. Defining document command \setsansfont with arg. spec. 'O{}m' on line 47.
.................................................
.................................................
. LaTeX info: "xparse/define-command"
. 
. Defining document command \setmonofont with arg. spec. 'O{}m' on line 51.
.................................................
.................................................
. LaTeX info: "xparse/define-command"
. 
. Defining document command \setmathrm with arg. spec. 'O{}m' on line 59.
.................................................
.................................................
. LaTeX info: "xparse/define-command"
. 
. Defining document command \setboldmathrm with arg. spec. 'O{}m' on line 62.
.................................................
.................................................
. LaTeX info: "xparse/define-command"
. 
. Defining document command \setmathsf with arg. spec. 'O{}m' on line 65.
.................................................
.................................................
. LaTeX info: "xparse/define-command"
. 
. Defining document command \setmathtt with arg. spec. 'O{}m' on line 68.
.................................................
.................................................
. LaTeX info: "xparse/define-command"
. 
. Defining document command \newfontfamily with arg. spec. 'mO{}m' on line 84.
.................................................
.................................................
. LaTeX info: "xparse/define-command"
. 
. Defining document command \newfontface with arg. spec. 'mO{}m' on line 87.
.................................................
.................................................
. LaTeX info: "xparse/define-command"
. 
. Defining document command \defaultfontfeatures with arg. spec. 'm' on line
. 91.
.................................................
.................................................
. LaTeX info: "xparse/define-command"
. 
. Defining document command \addfontfeatures with arg. spec. 'm' on line 107.
.................................................
.................................................
. LaTeX info: "xparse/define-command"
. 
. Defining document command \newfontfeature with arg. spec. 'mm' on line 118.
.................................................
.................................................
. LaTeX info: "xparse/define-command"
. 
. Defining document command \newAATfeature with arg. spec. 'mmmm' on line 125.
.................................................
.................................................
. LaTeX info: "xparse/define-command"
. 
. Defining document command \newICUfeature with arg. spec. 'mmm' on line 132.
.................................................
.................................................
. LaTeX info: "xparse/define-command"
. 
. Defining document command \aliasfontfeature with arg. spec. 'mm' on line
. 159.
.................................................
.................................................
. LaTeX info: "xparse/define-command"
. 
. Defining document command \aliasfontfeatureoption with arg. spec. 'mmm' on
. line 164.
.................................................
.................................................
. LaTeX info: "xparse/define-command"
. 
. Defining document command \newfontscript with arg. spec. 'mm' on line 169.
.................................................
.................................................
. LaTeX info: "xparse/define-command"
. 
. Defining document command \newfontlanguage with arg. spec. 'mm' on line 192.
.................................................
.................................................
. LaTeX info: "xparse/define-command"
. 
. Defining document command \DeclareFontsExtensions with arg. spec. 'm' on
. line 211.
.................................................
Variant \prop_gput:cnV already defined; not changing it on line 485
Variant \prop_gput:cnx already defined; not changing it on line 486
Variant \keys_set:nx already defined; not changing it on line 963
\c@fontspec_tmp_int=\count166
LaTeX Info: Redefining \itshape on input line 1881.
LaTeX Info: Redefining \slshape on input line 1885.
LaTeX Info: Redefining \scshape on input line 1889.
LaTeX Info: Redefining \upshape on input line 1893.

(C:\CTEX\MiKTeX\tex\latex\fontspec\fontspec.cfg)))
(C:\CTEX\MiKTeX\tex\latex\realscripts\realscripts.sty
Package: realscripts 2010/09/30 v0.3 Access OpenType subscripts and superscript
s
.................................................
. LaTeX info: "xparse/define-command"
. 
. Defining document command \fakesubscript with arg. spec. 'm' on line 19.
.................................................
.................................................
. LaTeX info: "xparse/define-command"
. 
. Defining document command \fakesuperscript with arg. spec. 'm' on line 22.
.................................................

*************************************************
* LaTeX warning: "xparse/redefine-command"
* 
* Redefining document command \textsubscript with arg. spec. 's' on line 25.
*************************************************
*************************************************
* LaTeX warning: "xparse/redefine-command"
* 
* Redefining document command \textsuperscript with arg. spec. 's' on line 28.
*************************************************
.................................................
. LaTeX info: "xparse/define-command"
. 
. Defining document command \realsubscript with arg. spec. 'm' on line 45.
.................................................
.................................................
. LaTeX info: "xparse/define-command"
. 
. Defining document command \realsuperscript with arg. spec. 'm' on line 60.
.................................................
.................................................
. LaTeX info: "xparse/define-command"
. 
. Defining document command \textsubsuperscript with arg. spec. 'sO{l}mm' on
. line 137.
.................................................
.................................................
. LaTeX info: "xparse/define-command"
. 
. Defining document command \textsupersubscript with arg. spec. 'sO{l}mm' on
. line 140.
.................................................
\subsupersep=\dimen143
) (C:\CTEX\MiKTeX\tex\latex\metalogo\metalogo.sty
Package: metalogo 2010/05/29 v0.12 Extended TeX logo macros
\xl@everylogo=\toks17
\xl@@everylogo=\toks18
LaTeX Info: Redefining \TeX on input line 193.
LaTeX Info: Redefining \LaTeX on input line 202.
LaTeX Info: Redefining \LaTeXe on input line 219.
)
\xxt@tempbox=\box35
)
(C:\CTEX\MiKTeX\tex\latex\xifthen\xifthen.sty
Package: xifthen 2009/04/17 v1.3 Extended ifthen features

(C:\CTEX\MiKTeX\tex\latex\tools\calc.sty
Package: calc 2007/08/22 v4.3 Infix arithmetic (KKT,FJ)
\calc@Acount=\count167
\calc@Bcount=\count168
\calc@Adimen=\dimen144
\calc@Bdimen=\dimen145
\calc@Askip=\skip49
\calc@Bskip=\skip50
LaTeX Info: Redefining \setlength on input line 76.
LaTeX Info: Redefining \addtolength on input line 77.
\calc@Ccount=\count169
\calc@Cskip=\skip51
)
(C:\CTEX\MiKTeX\tex\latex\base\ifthen.sty
Package: ifthen 2001/05/26 v1.1c Standard LaTeX ifthen package (DPC)
)
(C:\CTEX\MiKTeX\tex\latex\ifmtarg\ifmtarg.sty
Package: ifmtarg 2009/09/02 v1.2a check for an empty argument
))
(C:\CTEX\MiKTeX\tex\latex\hyperref\hyperref.sty
Package: hyperref 2012/02/06 v6.82o Hypertext links for LaTeX

(C:\CTEX\MiKTeX\tex\generic\oberdiek\hobsub-hyperref.sty
Package: hobsub-hyperref 2011/04/23 v1.4 Bundle oberdiek, subset hyperref (HO)

(C:\CTEX\MiKTeX\tex\generic\oberdiek\hobsub-generic.sty
Package: hobsub-generic 2011/04/23 v1.4 Bundle oberdiek, subset generic (HO)
Package: hobsub 2011/04/23 v1.4 Subsetting bundle oberdiek (HO)
Package: infwarerr 2010/04/08 v1.3 Providing info/warning/message (HO)
Package: ltxcmds 2011/04/18 v1.20 LaTeX kernel commands for general use (HO)
Package hobsub Info: Skipping package `ifluatex' (already loaded).
Package: ifvtex 2010/03/01 v1.5 Switches for detecting VTeX and its modes (HO)
Package ifvtex Info: VTeX not detected.
Package: intcalc 2007/09/27 v1.1 Expandable integer calculations (HO)
Package: ifpdf 2011/01/30 v2.3 Provides the ifpdf switch (HO)
Package ifpdf Info: pdfTeX in PDF mode is not detected.
Package: etexcmds 2011/02/16 v1.5 Prefix for e-TeX command names (HO)
Package etexcmds Info: Could not find \expanded.
(etexcmds)             That can mean that you are not using pdfTeX 1.50 or
(etexcmds)             that some package has redefined \expanded.
(etexcmds)             In the latter case, load this package earlier.
Package: kvsetkeys 2011/04/07 v1.13 Key value parser (HO)
Package: kvdefinekeys 2011/04/07 v1.3 Defining keys (HO)
Package: pdftexcmds 2011/04/22 v0.16 Utilities of pdfTeX for LuaTeX (HO)
Package pdftexcmds Info: LuaTeX not detected.
Package pdftexcmds Info: pdfTeX >= 1.30 not detected.
Package pdftexcmds Info: \pdf@primitive is available.
Package pdftexcmds Info: \pdf@ifprimitive is available.
Package pdftexcmds Info: \pdfdraftmode not found.
Package: pdfescape 2011/04/04 v1.12 Provides string conversions (HO)
Package: bigintcalc 2011/01/30 v1.2 Expandable big integer calculations (HO)
Package: bitset 2011/01/30 v1.1 Data type bit set (HO)
Package: uniquecounter 2011/01/30 v1.2 Provides unlimited unique counter (HO)
)
Package hobsub Info: Skipping package `hobsub' (already loaded).
Package: letltxmacro 2010/09/02 v1.4 Let assignment for LaTeX macros (HO)
Package: hopatch 2011/01/30 v1.0 Wrapper for package hooks (HO)
Package: xcolor-patch 2011/01/30 xcolor patch
Package: atveryend 2011/04/23 v1.7 Hooks at very end of document (HO)
Package: atbegshi 2011/01/30 v1.15 At begin shipout hook (HO)
Package: refcount 2010/12/01 v3.2 Data extraction from references (HO)
Package: hycolor 2011/01/30 v1.7 Color options of hyperref/bookmark (HO)
)
(C:\CTEX\MiKTeX\tex\latex\oberdiek\kvoptions.sty
Package: kvoptions 2010/12/23 v3.10 Keyval support for LaTeX options (HO)
)
\@linkdim=\dimen146
\Hy@linkcounter=\count170
\Hy@pagecounter=\count171

(C:\CTEX\MiKTeX\tex\latex\hyperref\pd1enc.def
File: pd1enc.def 2012/02/06 v6.82o Hyperref: PDFDocEncoding definition (HO)
)
\Hy@SavedSpaceFactor=\count172

(C:\CTEX\MiKTeX\tex\latex\00miktex\hyperref.cfg
File: hyperref.cfg 2002/06/06 v1.2 hyperref configuration of TeXLive
)
Package hyperref Info: Hyper figures OFF on input line 4046.
Package hyperref Info: Link nesting OFF on input line 4051.
Package hyperref Info: Hyper index ON on input line 4054.
Package hyperref Info: Plain pages OFF on input line 4061.
Package hyperref Info: Backreferencing OFF on input line 4066.
Package hyperref Info: Implicit mode ON; LaTeX internals redefined.
Package hyperref Info: Bookmarks ON on input line 4284.
\c@Hy@tempcnt=\count173

(C:\CTEX\MiKTeX\tex\xelatex\xetexurl\url.sty
\Urlmuskip=\muskip10
Package: url 2004/03/15  ver 3.1  Verb mode for urls, etc.
)
LaTeX Info: Redefining \url on input line 4637.
\Fld@menulength=\count174
\Field@Width=\dimen147
\Fld@charsize=\dimen148
Package hyperref Info: Hyper figures OFF on input line 5757.
Package hyperref Info: Link nesting OFF on input line 5762.
Package hyperref Info: Hyper index ON on input line 5765.
Package hyperref Info: backreferencing OFF on input line 5772.
Package hyperref Info: Link coloring OFF on input line 5777.
Package hyperref Info: Link coloring with OCG OFF on input line 5782.
Package hyperref Info: PDF/A mode OFF on input line 5787.
LaTeX Info: Redefining \ref on input line 5827.
LaTeX Info: Redefining \pageref on input line 5831.
\Hy@abspage=\count175
\c@Item=\count176
\c@Hfootnote=\count177
)

Package hyperref Message: Driver (autodetected): hxetex.

(C:\CTEX\MiKTeX\tex\latex\hyperref\hxetex.def
File: hxetex.def 2012/02/06 v6.82o Hyperref driver for XeTeX

(C:\CTEX\MiKTeX\tex\latex\hyperref\puenc.def
File: puenc.def 2012/02/06 v6.82o Hyperref: PDF Unicode definition (HO)
)
(C:\CTEX\MiKTeX\tex\generic\oberdiek\stringenc.sty
Package: stringenc 2010/03/01 v1.8 Converts strings between encodings (HO)
)
\pdfm@box=\box36
\c@Hy@AnnotLevel=\count178
\HyField@AnnotCount=\count179
\Fld@listcount=\count180
\c@bookmark@seq@number=\count181

(C:\CTEX\MiKTeX\tex\latex\oberdiek\rerunfilecheck.sty
Package: rerunfilecheck 2011/04/15 v1.7 Rerun checks for auxiliary files (HO)
Package rerunfilecheck Info: Feature \pdfmdfivesum is not available
(rerunfilecheck)             (e.g. pdfTeX or LuaTeX with package `pdftexcmds').

(rerunfilecheck)             Therefore file contents cannot be checked efficien
tly
(rerunfilecheck)             and the loading of the package is aborted.
)
\Hy@SectionHShift=\skip52
)
(D:\Dairly\Code\Git\Resume_ModifiedByLater\fontawesome.sty
Package: fontawesome 2016/05/15 v4.6.3 font awesome icons

(D:\Dairly\Code\Git\Resume_ModifiedByLater\fontawesomesymbols-generic.tex)
Requested font "[fonts/fontawesome/opentype/FontAwesome]/ICU" at 10.0pt
 -> D:/Dairly/Code/Git/Resume_ModifiedByLater/fonts/fontawesome/opentype/FontAw
esome.otf
.................................................
. fontspec info: "no-scripts"
. 
. Font FontAwesome does not contain any OpenType `Script' information.
.................................................
\g_fontspec_family_FontAwesome_int=\count182
.................................................
. fontspec info: "defining-font"
. 
. Font family 'FontAwesome(0)' created for font 'FontAwesome' with options [
. Path = fonts/fontawesome/opentype/ , Scale = 0.85 , SmallCapsFont = * ].
. 
. This font family consists of the following shapes:
. 
. * 'normal' with NFSS spec.:
. <->s*[0.85]"[fonts/fontawesome/opentype/FontAwesome]/ICU:"
. 
. * 'small caps' with NFSS spec.:
. <->s*[0.85]"[fonts/fontawesome/opentype/FontAwesome]/ICU:"
.................................................

(D:\Dairly\Code\Git\Resume_ModifiedByLater\fontawesomesymbols-xeluatex.tex))
Requested font "[fonts/Main/texgyretermes-regular.otf]/ICU" at 10.0pt
 -> D:/Dairly/Code/Git/Resume_ModifiedByLater/fonts/Main/texgyretermes-regular.
otf
\g_fontspec_family_texgyretermes_int=\count183
Requested font "[fonts/Main/Fontin-SmallCaps.otf]/ICU" at 10.0pt
 -> D:/Dairly/Code/Git/Resume_ModifiedByLater/fonts/Main/Fontin-SmallCaps.otf
Requested font "[fonts/Main/texgyretermes-bold.otf]/ICU" at 10.0pt
 -> D:/Dairly/Code/Git/Resume_ModifiedByLater/fonts/Main/texgyretermes-bold.otf
Requested font "[fonts/Main/texgyretermes-italic.otf]/ICU" at 10.0pt
 -> D:/Dairly/Code/Git/Resume_ModifiedByLater/fonts/Main/texgyretermes-italic.o
tf
Requested font "[fonts/Main/texgyretermes-bolditalic.otf]/ICU" at 10.0pt
 -> D:/Dairly/Code/Git/Resume_ModifiedByLater/fonts/Main/texgyretermes-boldital
ic.otf
.................................................
. fontspec info: "defining-font"
. 
. Font family 'texgyretermes(0)' created for font 'texgyretermes' with options
. [ Path = fonts/Main/ , Extension = .otf , UprightFont = *-regular , BoldFont
. = *-bold , ItalicFont = *-italic , BoldItalicFont = *-bolditalic ,
. SmallCapsFont = Fontin-SmallCaps ].
. 
. This font family consists of the following shapes:
. 
. * 'normal' with NFSS spec.:
. <->"[fonts/Main/texgyretermes-regular.otf]/ICU:script=latn;language=DFLT;"
. 
. * 'small caps' with NFSS spec.:
. <->"[fonts/Main/Fontin-SmallCaps.otf]/ICU:script=latn;language=DFLT;"
. 
. * 'bold' with NFSS spec.:
. <->"[fonts/Main/texgyretermes-bold.otf]/ICU:script=latn;language=DFLT;"
. 
. * 'bold small caps' with NFSS spec.:
. <->"[fonts/Main/Fontin-SmallCaps.otf]/ICU:script=latn;language=DFLT;"
. 
. * 'italic' with NFSS spec.:
. <->"[fonts/Main/texgyretermes-italic.otf]/ICU:script=latn;language=DFLT;"
. 
. * 'italic small caps' with NFSS spec.:
. <->"[fonts/Main/Fontin-SmallCaps.otf]/ICU:script=latn;language=DFLT;"
. 
. * 'bold italic' with NFSS spec.:
. 
. <->"[fonts/Main/texgyretermes-bolditalic.otf]/ICU:script=latn;language=DFLT;"

. 
. * 'bold italic small caps' with NFSS spec.:
. <->"[fonts/Main/Fontin-SmallCaps.otf]/ICU:script=latn;language=DFLT;"
.................................................
Requested font "[fonts/Main/texgyretermes-regular.otf]/ICU:script=latn;language
=DFLT;" at 10.0pt
 -> D:/Dairly/Code/Git/Resume_ModifiedByLater/fonts/Main/texgyretermes-regular.
otf

(C:\CTEX\MiKTeX\tex\latex\geometry\geometry.sty
Package: geometry 2010/09/12 v5.6 Page Geometry
\Gm@cnth=\count184
\Gm@cntv=\count185
\c@Gm@tempcnt=\count186
\Gm@bindingoffset=\dimen149
\Gm@wd@mp=\dimen150
\Gm@odd@mp=\dimen151
\Gm@even@mp=\dimen152
\Gm@layoutwidth=\dimen153
\Gm@layoutheight=\dimen154
\Gm@layouthoffset=\dimen155
\Gm@layoutvoffset=\dimen156
\Gm@dimlist=\toks19

(C:\CTEX\MiKTeX\tex\xelatex\xetexconfig\geometry.cfg))
(C:\CTEX\MiKTeX\tex\latex\titlesec\titlesec.sty
Package: titlesec 2011/12/15 v2.10.0 Sectioning titles
\ttl@box=\box37
\beforetitleunit=\skip53
\aftertitleunit=\skip54
\ttl@plus=\dimen157
\ttl@minus=\dimen158
\ttl@toksa=\toks20
\titlewidth=\dimen159
\titlewidthlast=\dimen160
\titlewidthfirst=\dimen161
)
(C:\CTEX\MiKTeX\tex\latex\enumitem\enumitem.sty
Package: enumitem 2011/09/28 v3.5.2 Customized lists
\labelindent=\skip55
\enit@outerparindent=\dimen162
\enit@toks=\toks21
\enit@inbox=\box38
\enitdp@description=\count187
)
(C:\CTEX\MiKTeX\tex\generic\genmisc\nth.sty
Package: nth 2002/02/27
))
(D:\Dairly\Code\Git\Resume_ModifiedByLater\zh_CN-Adobefonts_external.sty
Package: zh_CN-Adobefonts_external 2015/05/25 zh_CN-Adobefonts_internal Package


(C:\CTEX\MiKTeX\tex\xelatex\xecjk\xeCJK.sty
Package: xeCJK 2012/01/31 2.4.5 package for typesetting CJK scripts with XeLaTe
X

(C:\CTEX\MiKTeX\tex\latex\xkeyval\xkeyval.sty
Package: xkeyval 2008/08/13 v2.6a package option processing (HA)

(C:\CTEX\MiKTeX\tex\generic\xkeyval\xkeyval.tex
\XKV@toks=\toks22
\XKV@tempa@toks=\toks23
\XKV@depth=\count188
File: xkeyval.tex 2008/08/13 v2.6a key=value parser (HA)
))
\xeCJK@cnta=\count189
\xeCJK@cntb=\count190
\xeCJK@cntc=\count191
\xeCJK@cntd=\count192
\xeCJK@cnte=\count193
\xeCJK@dima=\dimen163
LaTeX Info: Redefining \normalfont on input line 886.
LaTeX Info: Redefining \rmfamily on input line 895.
LaTeX Info: Redefining \sffamily on input line 899.
LaTeX Info: Redefining \ttfamily on input line 903.
\xeCJK@featureadded=\count194
\g_xecjk_exspace_dim=\dimen164
))
(D:\Dairly\Code\Git\Resume_ModifiedByLater\linespacing_fix.sty
Package: linespacing_fix 2015/06/06 linespacing_fix Package

(C:\CTEX\MiKTeX\tex\latex\setspace\setspace.sty
Package: setspace 2011/12/19 v6.7a set line spacing
)
\modparskip=\skip56
\modbaselineskip=\skip57
)
(C:\CTEX\MiKTeX\tex\latex\cite\cite.sty
LaTeX Info: Redefining \cite on input line 302.
LaTeX Info: Redefining \nocite on input line 373.
Package: cite 2010/09/10  v 5.3
)
(D:\Dairly\Code\Git\Resume_ModifiedByLater\modified_by_Later.aux)
LaTeX Font Info:    Checking defaults for OML/cmm/m/it on input line 16.
LaTeX Font Info:    ... okay on input line 16.
LaTeX Font Info:    Checking defaults for T1/cmr/m/n on input line 16.
LaTeX Font Info:    ... okay on input line 16.
LaTeX Font Info:    Checking defaults for OT1/cmr/m/n on input line 16.
LaTeX Font Info:    ... okay on input line 16.
LaTeX Font Info:    Checking defaults for OMS/cmsy/m/n on input line 16.
LaTeX Font Info:    ... okay on input line 16.
LaTeX Font Info:    Checking defaults for OMX/cmex/m/n on input line 16.
LaTeX Font Info:    ... okay on input line 16.
LaTeX Font Info:    Checking defaults for U/cmr/m/n on input line 16.
LaTeX Font Info:    ... okay on input line 16.
LaTeX Font Info:    Checking defaults for EU1/lmr/m/n on input line 16.
LaTeX Font Info:    ... okay on input line 16.
LaTeX Font Info:    Checking defaults for T3/cmr/m/n on input line 16.
LaTeX Font Info:    Try loading font information for T3+cmr on input line 16.

(C:\CTEX\MiKTeX\tex\latex\tipa\t3cmr.fd
File: t3cmr.fd 2001/12/31 TIPA font definitions
)
LaTeX Font Info:    ... okay on input line 16.
LaTeX Font Info:    Checking defaults for PD1/pdf/m/n on input line 16.
LaTeX Font Info:    ... okay on input line 16.
LaTeX Font Info:    Checking defaults for PU/pdf/m/n on input line 16.
LaTeX Font Info:    ... okay on input line 16.
Requested font "[fonts/Main/texgyretermes-regular.otf]/ICU:script=latn;language
=DFLT;" at 10.95pt
 -> D:/Dairly/Code/Git/Resume_ModifiedByLater/fonts/Main/texgyretermes-regular.
otf
.................................................
. fontspec info: "setup-math"
. 
. Adjusting the maths setup (use [no-math] to avoid this).
.................................................
\symlegacymaths=\mathgroup4
LaTeX Font Info:    Overwriting symbol font `legacymaths' in version `bold'
(Font)                  OT1/cmr/m/n --> OT1/cmr/bx/n on input line 16.
LaTeX Font Info:    Redeclaring math accent \acute on input line 16.
LaTeX Font Info:    Redeclaring math accent \grave on input line 16.
LaTeX Font Info:    Redeclaring math accent \ddot on input line 16.
LaTeX Font Info:    Redeclaring math accent \tilde on input line 16.
LaTeX Font Info:    Redeclaring math accent \bar on input line 16.
LaTeX Font Info:    Redeclaring math accent \breve on input line 16.
LaTeX Font Info:    Redeclaring math accent \check on input line 16.
LaTeX Font Info:    Redeclaring math accent \hat on input line 16.
LaTeX Font Info:    Redeclaring math accent \dot on input line 16.
LaTeX Font Info:    Redeclaring math accent \mathring on input line 16.
LaTeX Font Info:    Redeclaring math symbol \colon on input line 16.
LaTeX Font Info:    Redeclaring math symbol \Gamma on input line 16.
LaTeX Font Info:    Redeclaring math symbol \Delta on input line 16.
LaTeX Font Info:    Redeclaring math symbol \Theta on input line 16.
LaTeX Font Info:    Redeclaring math symbol \Lambda on input line 16.
LaTeX Font Info:    Redeclaring math symbol \Xi on input line 16.
LaTeX Font Info:    Redeclaring math symbol \Pi on input line 16.
LaTeX Font Info:    Redeclaring math symbol \Sigma on input line 16.
LaTeX Font Info:    Redeclaring math symbol \Upsilon on input line 16.
LaTeX Font Info:    Redeclaring math symbol \Phi on input line 16.
LaTeX Font Info:    Redeclaring math symbol \Psi on input line 16.
LaTeX Font Info:    Redeclaring math symbol \Omega on input line 16.
LaTeX Font Info:    Redeclaring math symbol \mathdollar on input line 16.
LaTeX Font Info:    Redeclaring symbol font `operators' on input line 16.
LaTeX Font Info:    Encoding `OT1' has changed to `EU1' for symbol font
(Font)              `operators' in the math version `normal' on input line 16.
LaTeX Font Info:    Overwriting symbol font `operators' in version `normal'
(Font)                  OT1/cmr/m/n --> EU1/texgyretermes(0)/m/n on input line 
16.
LaTeX Font Info:    Encoding `OT1' has changed to `EU1' for symbol font
(Font)              `operators' in the math version `bold' on input line 16.
LaTeX Font Info:    Overwriting symbol font `operators' in version `bold'
(Font)                  OT1/cmr/bx/n --> EU1/texgyretermes(0)/m/n on input line
 16.
LaTeX Font Info:    Overwriting symbol font `operators' in version `normal'
(Font)                  EU1/texgyretermes(0)/m/n --> EU1/texgyretermes(0)/m/n o
n input line 16.
LaTeX Font Info:    Overwriting math alphabet `\mathrm' in version `normal'
(Font)                  EU1/texgyretermes(0)/m/n --> EU1/texgyretermes(0)/m/n o
n input line 16.
LaTeX Font Info:    Overwriting math alphabet `\mathit' in version `normal'
(Font)                  OT1/cmr/m/it --> EU1/texgyretermes(0)/m/it on input lin
e 16.
LaTeX Font Info:    Overwriting math alphabet `\mathbf' in version `normal'
(Font)                  OT1/cmr/bx/n --> EU1/texgyretermes(0)/bx/n on input lin
e 16.
LaTeX Font Info:    Overwriting math alphabet `\mathsf' in version `normal'
(Font)                  OT1/cmss/m/n --> EU1/lmss/m/n on input line 16.
LaTeX Font Info:    Overwriting math alphabet `\mathtt' in version `normal'
(Font)                  OT1/cmtt/m/n --> EU1/lmtt/m/n on input line 16.
LaTeX Font Info:    Overwriting symbol font `operators' in version `bold'
(Font)                  EU1/texgyretermes(0)/m/n --> EU1/texgyretermes(0)/bx/n 
on input line 16.
LaTeX Font Info:    Overwriting math alphabet `\mathrm' in version `bold'
(Font)                  EU1/texgyretermes(0)/m/n --> EU1/texgyretermes(0)/bx/n 
on input line 16.
LaTeX Font Info:    Overwriting math alphabet `\mathit' in version `bold'
(Font)                  OT1/cmr/bx/it --> EU1/texgyretermes(0)/bx/it on input l
ine 16.
LaTeX Font Info:    Overwriting math alphabet `\mathsf' in version `bold'
(Font)                  OT1/cmss/bx/n --> EU1/lmss/bx/n on input line 16.
LaTeX Font Info:    Overwriting math alphabet `\mathtt' in version `bold'
(Font)                  OT1/cmtt/m/n --> EU1/lmtt/bx/n on input line 16.
\AtBeginShipoutBox=\box39
Package hyperref Info: Link coloring OFF on input line 16.

(C:\CTEX\MiKTeX\tex\latex\hyperref\nameref.sty
Package: nameref 2010/04/30 v2.40 Cross-referencing by name of section

(C:\CTEX\MiKTeX\tex\generic\oberdiek\gettitlestring.sty
Package: gettitlestring 2010/12/03 v1.4 Cleanup title references (HO)
)
\c@section@level=\count195
)
LaTeX Info: Redefining \ref on input line 16.
LaTeX Info: Redefining \pageref on input line 16.
LaTeX Info: Redefining \nameref on input line 16.

(D:\Dairly\Code\Git\Resume_ModifiedByLater\modified_by_Later.out)
(D:\Dairly\Code\Git\Resume_ModifiedByLater\modified_by_Later.out)
\@outlinefile=\write3

*geometry* detected driver: pdftex
*geometry* verbose mode - [ preamble ] result:
* driver: pdftex
* paper: a4paper
* layout: <same size as paper>
* layoutoffset:(h,v)=(0.0pt,0.0pt)
* modes: 
* h-part:(L,W,R)=(57.81621pt, 481.87546pt, 57.81621pt)
* v-part:(T,H,B)=(50.58878pt, 754.70935pt, 39.74872pt)
* \paperwidth=597.50787pt
* \paperheight=845.04684pt
* \textwidth=481.87546pt
* \textheight=754.70935pt
* \oddsidemargin=-14.45378pt
* \evensidemargin=-14.45378pt
* \topmargin=-21.68121pt
* \headheight=0.0pt
* \headsep=0.0pt
* \topskip=11.0pt
* \footskip=30.0pt
* \marginparwidth=59.0pt
* \marginparsep=10.0pt
* \columnsep=10.0pt
* \skip\footins=10.0pt plus 4.0pt minus 2.0pt
* \hoffset=0.0pt
* \voffset=0.0pt
* \mag=1000
* \@twocolumnfalse
* \@twosidefalse
* \@mparswitchfalse
* \@reversemarginfalse
* (1in=72.27pt=25.4mm, 1cm=28.453pt)

Requested font "[fonts/Main/texgyretermes-regular.otf]/ICU:script=latn;language
=DFLT;" at 8.0pt
 -> D:/Dairly/Code/Git/Resume_ModifiedByLater/fonts/Main/texgyretermes-regular.
otf
Requested font "[fonts/Main/texgyretermes-regular.otf]/ICU:script=latn;language
=DFLT;" at 6.0pt
 -> D:/Dairly/Code/Git/Resume_ModifiedByLater/fonts/Main/texgyretermes-regular.
otf
Requested font "cmmi10" at 10.95pt
 -> cmmi10
Requested font "cmmi8" at 8.0pt
 -> cmmi8
Requested font "cmmi6" at 6.0pt
 -> cmmi6
Requested font "cmsy10" at 10.95pt
 -> cmsy10
Requested font "cmsy8" at 8.0pt
 -> cmsy8
Requested font "cmsy6" at 6.0pt
 -> cmsy6
LaTeX Font Info:    External font `cmex10' loaded for size
(Font)              <10.95> on input line 39.
LaTeX Font Info:    External font `cmex10' loaded for size
(Font)              <8> on input line 39.
LaTeX Font Info:    External font `cmex10' loaded for size
(Font)              <6> on input line 39.
Requested font "cmr8" at 8.0pt
 -> cmr8
Requested font "cmr6" at 6.0pt
 -> cmr6
LaTeX Font Info:    Font shape `EU1/FontAwesome(0)/m/n' will be
(Font)              scaled to size 9.30756pt on input line 41.
Requested font "[fonts/fontawesome/opentype/FontAwesome]/ICU:" at 9.30756pt
 -> D:/Dairly/Code/Git/Resume_ModifiedByLater/fonts/fontawesome/opentype/FontAw
esome.otf
Requested font "[lmsans10-regular]:mapping=tex-text" at 10.95pt
 -> C:/CTEX/MiKTeX/fonts/opentype/public/lm/lmsans10-regular.otf
Requested font "[lmsans12-regular]:mapping=tex-text" at 12.0pt
 -> C:/CTEX/MiKTeX/fonts/opentype/public/lm/lmsans12-regular.otf
Requested font "[fonts/zh_CN-Adobe/AdobeHeitiStd-Regular.otf]/ICU" at 12.0pt
 -> D:/Dairly/Code/Git/Resume_ModifiedByLater/fonts/zh_CN-Adobe/AdobeHeitiStd-R
egular.otf
\g_fontspec_family_AdobeHeitiStd-Regular.otf_int=\count196
.................................................
. fontspec info: "defining-font"
. 
. Font family 'AdobeHeitiStd-Regular.otf(0)' created for font
. 'AdobeHeitiStd-Regular.otf' with options [Path = fonts/zh_CN-Adobe/,
. Mapping=tex-text,].
. 
. This font family consists of the following shapes:
. 
. * 'normal' with NFSS spec.:
. 
. <->"[fonts/zh_CN-Adobe/AdobeHeitiStd-Regular.otf]/ICU:script=latn;language=DF
LT;mapping=tex-text;"
.................................................
Requested font "[fonts/zh_CN-Adobe/AdobeHeitiStd-Regular.otf]/ICU:script=latn;l
anguage=DFLT;mapping=tex-text;" at 12.0pt
 -> D:/Dairly/Code/Git/Resume_ModifiedByLater/fonts/zh_CN-Adobe/AdobeHeitiStd-R
egular.otf
File: photo144_192.jpg Graphic file (type QTm)
<use  "photo144_192.jpg" >
Overfull \hbox (3.2761pt too wide) in paragraph at lines 37--68
[]$[]$\EU1/texgyretermes(0)/m/n/10.95    $[]$ 
 []

Requested font "[fonts/Main/texgyretermes-regular.otf]/ICU:script=latn;language
=DFLT;" at 14.4pt
 -> D:/Dairly/Code/Git/Resume_ModifiedByLater/fonts/Main/texgyretermes-regular.
otf
Requested font "[fonts/Main/Fontin-SmallCaps.otf]/ICU:script=latn;language=DFLT
;" at 14.4pt
 -> D:/Dairly/Code/Git/Resume_ModifiedByLater/fonts/Main/Fontin-SmallCaps.otf
LaTeX Font Info:    Font shape `EU1/FontAwesome(0)/m/sc' will be
(Font)              scaled to size 12.24008pt on input line 72.
Requested font "[fonts/fontawesome/opentype/FontAwesome]/ICU:" at 12.24008pt
 -> D:/Dairly/Code/Git/Resume_ModifiedByLater/fonts/fontawesome/opentype/FontAw
esome.otf
Requested font "[fonts/zh_CN-Adobe/AdobeSongStd-Light.otf]/ICU" at 14.4pt
 -> D:/Dairly/Code/Git/Resume_ModifiedByLater/fonts/zh_CN-Adobe/AdobeSongStd-Li
ght.otf
\g_fontspec_family_AdobeSongStd-Light.otf_int=\count197
Requested font "[fonts/zh_CN-Adobe/AdobeHeitiStd-Regular.otf]/ICU" at 14.4pt
 -> D:/Dairly/Code/Git/Resume_ModifiedByLater/fonts/zh_CN-Adobe/AdobeHeitiStd-R
egular.otf
Requested font "[fonts/zh_CN-Adobe/AdobeKaitiStd-Regular.otf]/ICU" at 14.4pt
 -> D:/Dairly/Code/Git/Resume_ModifiedByLater/fonts/zh_CN-Adobe/AdobeKaitiStd-R
egular.otf
.................................................
. fontspec info: "defining-font"
. 
. Font family 'AdobeSongStd-Light.otf(0)' created for font
. 'AdobeSongStd-Light.otf' with options [Path = fonts/zh_CN-Adobe/,
. Mapping=tex-text, BoldFont=AdobeHeitiStd-Regular.otf,
. ItalicFont=AdobeKaitiStd-Regular.otf,
. SmallCapsFont=AdobeHeitiStd-Regular.otf ].
. 
. This font family consists of the following shapes:
. 
. * 'normal' with NFSS spec.:
. 
. <->"[fonts/zh_CN-Adobe/AdobeSongStd-Light.otf]/ICU:script=latn;language=DFLT;
mapping=tex-text;"
. 
. * 'small caps' with NFSS spec.:
. 
. <->"[fonts/zh_CN-Adobe/AdobeHeitiStd-Regular.otf]/ICU:script=latn;language=DF
LT;mapping=tex-text;"
. 
. * 'bold' with NFSS spec.:
. 
. <->"[fonts/zh_CN-Adobe/AdobeHeitiStd-Regular.otf]/ICU:script=latn;language=DF
LT;mapping=tex-text;"
. 
. * 'bold small caps' with NFSS spec.:
. 
. <->"[fonts/zh_CN-Adobe/AdobeHeitiStd-Regular.otf]/ICU:script=latn;language=DF
LT;mapping=tex-text;"
. 
. * 'italic' with NFSS spec.:
. 
. <->"[fonts/zh_CN-Adobe/AdobeKaitiStd-Regular.otf]/ICU:script=latn;language=DF
LT;mapping=tex-text;"
. 
. * 'italic small caps' with NFSS spec.:
. 
. <->"[fonts/zh_CN-Adobe/AdobeHeitiStd-Regular.otf]/ICU:script=latn;language=DF
LT;mapping=tex-text;"
.................................................
Requested font "[fonts/zh_CN-Adobe/AdobeHeitiStd-Regular.otf]/ICU:script=latn;l
anguage=DFLT;mapping=tex-text;" at 14.4pt
 -> D:/Dairly/Code/Git/Resume_ModifiedByLater/fonts/zh_CN-Adobe/AdobeHeitiStd-R
egular.otf

Package hyperref Warning: Token not allowed in a PDF string (Unicode):
(hyperref)                removing `\char' on input line 72.

(C:\CTEX\MiKTeX\tex\generic\oberdiek\se-ascii-print.def
File: se-ascii-print.def 2010/03/01 v1.8 stringenc: Printable ASCII characters
)
Requested font "[fonts/Main/texgyretermes-regular.otf]/ICU:script=latn;language
=DFLT;" at 12.0pt
 -> D:/Dairly/Code/Git/Resume_ModifiedByLater/fonts/Main/texgyretermes-regular.
otf
Requested font "[fonts/Main/texgyretermes-italic.otf]/ICU:script=latn;language=
DFLT;" at 12.0pt
 -> D:/Dairly/Code/Git/Resume_ModifiedByLater/fonts/Main/texgyretermes-italic.o
tf
Requested font "[fonts/zh_CN-Adobe/AdobeSongStd-Light.otf]/ICU" at 12.0pt
 -> D:/Dairly/Code/Git/Resume_ModifiedByLater/fonts/zh_CN-Adobe/AdobeSongStd-Li
ght.otf
.................................................
. fontspec info: "defining-font"
. 
. Font family 'AdobeSongStd-Light.otf(0)' created for font
. 'AdobeSongStd-Light.otf' with options [Path = fonts/zh_CN-Adobe/,
. Mapping=tex-text, BoldFont=AdobeHeitiStd-Regular.otf,
. ItalicFont=AdobeKaitiStd-Regular.otf,
. SmallCapsFont=AdobeHeitiStd-Regular.otf ].
. 
. This font family consists of the following shapes:
.................................................
Requested font "[fonts/zh_CN-Adobe/AdobeKaitiStd-Regular.otf]/ICU:script=latn;l
anguage=DFLT;mapping=tex-text;" at 12.0pt
 -> D:/Dairly/Code/Git/Resume_ModifiedByLater/fonts/zh_CN-Adobe/AdobeKaitiStd-R
egular.otf
.................................................
. fontspec info: "defining-font"
. 
. Font family 'AdobeSongStd-Light.otf(0)' created for font
. 'AdobeSongStd-Light.otf' with options [Path = fonts/zh_CN-Adobe/,
. Mapping=tex-text, BoldFont=AdobeHeitiStd-Regular.otf,
. ItalicFont=AdobeKaitiStd-Regular.otf,
. SmallCapsFont=AdobeHeitiStd-Regular.otf ].
. 
. This font family consists of the following shapes:
.................................................
Requested font "[fonts/zh_CN-Adobe/AdobeSongStd-Light.otf]/ICU:script=latn;lang
uage=DFLT;mapping=tex-text;" at 12.0pt
 -> D:/Dairly/Code/Git/Resume_ModifiedByLater/fonts/zh_CN-Adobe/AdobeSongStd-Li
ght.otf
Requested font "[fonts/zh_CN-Adobe/AdobeSongStd-Light.otf]/ICU" at 10.95pt
 -> D:/Dairly/Code/Git/Resume_ModifiedByLater/fonts/zh_CN-Adobe/AdobeSongStd-Li
ght.otf
.................................................
. fontspec info: "defining-font"
. 
. Font family 'AdobeSongStd-Light.otf(0)' created for font
. 'AdobeSongStd-Light.otf' with options [Path = fonts/zh_CN-Adobe/,
. Mapping=tex-text, BoldFont=AdobeHeitiStd-Regular.otf,
. ItalicFont=AdobeKaitiStd-Regular.otf,
. SmallCapsFont=AdobeHeitiStd-Regular.otf ].
. 
. This font family consists of the following shapes:
.................................................
Requested font "[fonts/zh_CN-Adobe/AdobeSongStd-Light.otf]/ICU:script=latn;lang
uage=DFLT;mapping=tex-text;" at 10.95pt
 -> D:/Dairly/Code/Git/Resume_ModifiedByLater/fonts/zh_CN-Adobe/AdobeSongStd-Li
ght.otf


Package hyperref Warning: Token not allowed in a PDF string (Unicode):
(hyperref)                removing `\char' on input line 84.

Requested font "[fonts/Main/texgyretermes-bold.otf]/ICU:script=latn;language=DF
LT;" at 12.0pt
 -> D:/Dairly/Code/Git/Resume_ModifiedByLater/fonts/Main/texgyretermes-bold.otf
.................................................
. fontspec info: "defining-font"
. 
. Font family 'AdobeSongStd-Light.otf(0)' created for font
. 'AdobeSongStd-Light.otf' with options [Path = fonts/zh_CN-Adobe/,
. Mapping=tex-text, BoldFont=AdobeHeitiStd-Regular.otf,
. ItalicFont=AdobeKaitiStd-Regular.otf,
. SmallCapsFont=AdobeHeitiStd-Regular.otf ].
. 
. This font family consists of the following shapes:
.................................................
Requested font "[fonts/Main/texgyretermes-italic.otf]/ICU:script=latn;language=
DFLT;" at 10.95pt
 -> D:/Dairly/Code/Git/Resume_ModifiedByLater/fonts/Main/texgyretermes-italic.o
tf
.................................................
. fontspec info: "defining-font"
. 
. Font family 'AdobeSongStd-Light.otf(0)' created for font
. 'AdobeSongStd-Light.otf' with options [Path = fonts/zh_CN-Adobe/,
. Mapping=tex-text, BoldFont=AdobeHeitiStd-Regular.otf,
. ItalicFont=AdobeKaitiStd-Regular.otf,
. SmallCapsFont=AdobeHeitiStd-Regular.otf ].
. 
. This font family consists of the following shapes:
.................................................
Requested font "[fonts/zh_CN-Adobe/AdobeKaitiStd-Regular.otf]/ICU:script=latn;l
anguage=DFLT;mapping=tex-text;" at 10.95pt
 -> D:/Dairly/Code/Git/Resume_ModifiedByLater/fonts/zh_CN-Adobe/AdobeKaitiStd-R
egular.otf

Package hyperref Warning: Token not allowed in a PDF string (Unicode):
(hyperref)                removing `\char' on input line 137.


Package hyperref Warning: Token not allowed in a PDF string (Unicode):
(hyperref)                removing `\char' on input line 157.


Package hyperref Warning: Token not allowed in a PDF string (Unicode):
(hyperref)                removing `\char' on input line 167.

Package atveryend Info: Empty hook `BeforeClearDocument' on input line 190.
[1

]
Package atveryend Info: Empty hook `AfterLastShipout' on input line 190.
 (D:\Dairly\Code\Git\Resume_ModifiedByLater\modified_by_Later.aux)
Package atveryend Info: Empty hook `AtVeryEndDocument' on input line 190.
Package atveryend Info: Empty hook `AtEndAfterFileList' on input line 190.
 ) 
Here is how much of TeX's memory you used:
 21618 strings out of 430478
 410487 string characters out of 3191502
 459434 words of memory out of 3000000
 24524 multiletter control sequences out of 15000+200000
 6675 words of font info for 60 fonts, out of 3000000 for 9000
 14 hyphenation exceptions out of 8191
 57i,11n,60p,744b,517s stack positions out of 5000i,500n,10000p,200000b,50000s

Output written on modified_by_Later.pdf (1 page).
